<?xml version="1.0"?>
<!DOCTYPE coverage SYSTEM "http://cobertura.sourceforge.net/xml/coverage-04.dtd">

<coverage line-rate="0.945" branch-rate="0.785" lines-covered="2506" lines-valid="2651" branches-covered="873" branches-valid="1112" complexity="1.631578947368421" version="1.9.4.1" timestamp="1321536573337">
	<sources>
		<source>MyProject/src/main/groovy</source>
	</sources>
	<packages>
		<package name="com.example.service" line-rate="0.85" branch-rate="0.65" complexity="0.0">
			<classes>
                <class name="com.example.service.Email" filename="com/example/service/Email.groovy" line-rate="0.66" branch-rate="0.61" complexity="0.0">
                    <methods>
                        <method name="toString" signature="()Ljava/lang/String;" line-rate="0.5" branch-rate="0.91">
                            <lines>
                                <line number="26" hits="1538" branch="false"/>
                                <line number="27" hits="780" branch="true" condition-coverage="25% (1/4)">
                                    <conditions>
                                        <condition number="0" type="jump" coverage="50%"/>
                                        <condition number="1" type="jump" coverage="0%"/>
                                    </conditions>
                                </line>
                                <line number="27" hits="1538" branch="false"/>
                            </lines>
                        </method>
                    </methods>
                    <lines>
                        <line number="26" hits="1538" branch="false"/>
                        <line number="27" hits="13" branch="true" condition-coverage="100% (1/2)">
                            <conditions>
                                <condition number="0" type="jump" coverage="50%"/>
                            </conditions>
                        </line>
                    </lines>
                </class>

			</classes>
        </package>
	</packages>
</coverage>
